Determining if the pthread_create exist failed with the following output:
Change Dir: /root/catkin_ws/src/open_manipulator_pick_and_place/build/CMakeFiles/CMakeTmp

Run Build Command:"/usr/bin/make" "cmTC_5eaaf/fast"
/usr/bin/make -f CMakeFiles/cmTC_5eaaf.dir/build.make CMakeFiles/cmTC_5eaaf.dir/build
make[1]: Entering directory '/root/catkin_ws/src/open_manipulator_pick_and_place/build/CMakeFiles/CMakeTmp'
Building C object CMakeFiles/cmTC_5eaaf.dir/CheckSymbolExists.c.o
/usr/bin/cc    -o CMakeFiles/cmTC_5eaaf.dir/CheckSymbolExists.c.o   -c /root/catkin_ws/src/open_manipulator_pick_and_place/build/CMakeFiles/CMakeTmp/CheckSymbolExists.c
Linking C executable cmTC_5eaaf
/usr/bin/cmake -E cmake_link_script CMakeFiles/cmTC_5eaaf.dir/link.txt --verbose=1
/usr/bin/cc      -rdynamic CMakeFiles/cmTC_5eaaf.dir/CheckSymbolExists.c.o  -o cmTC_5eaaf 
CMakeFiles/cmTC_5eaaf.dir/CheckSymbolExists.c.o: In function `main':
CheckSymbolExists.c:(.text+0x14): undefined reference to `pthread_create'
CheckSymbolExists.c:(.text+0x18): undefined reference to `pthread_create'
collect2: error: ld returned 1 exit status
CMakeFiles/cmTC_5eaaf.dir/build.make:97: recipe for target 'cmTC_5eaaf' failed
make[1]: *** [cmTC_5eaaf] Error 1
make[1]: Leaving directory '/root/catkin_ws/src/open_manipulator_pick_and_place/build/CMakeFiles/CMakeTmp'
Makefile:126: recipe for target 'cmTC_5eaaf/fast' failed
make: *** [cmTC_5eaaf/fast] Error 2

File /root/catkin_ws/src/open_manipulator_pick_and_place/build/CMakeFiles/CMakeTmp/CheckSymbolExists.c:
/* */
#include <pthread.h>

int main(int argc, char** argv)
{
  (void)argv;
#ifndef pthread_create
  return ((int*)(&pthread_create))[argc];
#else
  (void)argc;
  return 0;
#endif
}

Determining if the function pthread_create exists in the pthreads failed with the following output:
Change Dir: /root/catkin_ws/src/open_manipulator_pick_and_place/build/CMakeFiles/CMakeTmp

Run Build Command:"/usr/bin/make" "cmTC_709f8/fast"
/usr/bin/make -f CMakeFiles/cmTC_709f8.dir/build.make CMakeFiles/cmTC_709f8.dir/build
make[1]: Entering directory '/root/catkin_ws/src/open_manipulator_pick_and_place/build/CMakeFiles/CMakeTmp'
Building C object CMakeFiles/cmTC_709f8.dir/CheckFunctionExists.c.o
/usr/bin/cc   -DCHECK_FUNCTION_EXISTS=pthread_create   -o CMakeFiles/cmTC_709f8.dir/CheckFunctionExists.c.o   -c /usr/share/cmake-3.10/Modules/CheckFunctionExists.c
Linking C executable cmTC_709f8
/usr/bin/cmake -E cmake_link_script CMakeFiles/cmTC_709f8.dir/link.txt --verbose=1
/usr/bin/cc  -DCHECK_FUNCTION_EXISTS=pthread_create    -rdynamic CMakeFiles/cmTC_709f8.dir/CheckFunctionExists.c.o  -o cmTC_709f8 -lpthreads 
/usr/bin/ld: cannot find -lpthreads
collect2: error: ld returned 1 exit status
CMakeFiles/cmTC_709f8.dir/build.make:97: recipe for target 'cmTC_709f8' failed
make[1]: *** [cmTC_709f8] Error 1
make[1]: Leaving directory '/root/catkin_ws/src/open_manipulator_pick_and_place/build/CMakeFiles/CMakeTmp'
Makefile:126: recipe for target 'cmTC_709f8/fast' failed
make: *** [cmTC_709f8/fast] Error 2


